2025-11-03 15:16:49,573 - __main__ - INFO - 🚀 Запуск бота управления задачами...
2025-11-03 15:16:49,574 - __main__ - INFO - 👑 Администраторы: [451294137]
2025-11-03 15:16:49,606 - __main__ - INFO - 🔔 Проверка уведомлений в 03.11.2025 15:16:49
2025-11-03 15:16:49,800 - __main__ - INFO - ✅ Бот запущен и готов к работе!
2025-11-03 15:16:49,800 - aiogram.dispatcher - INFO - Start polling
2025-11-03 15:16:49,864 - aiogram.dispatcher - INFO - Run polling for bot @ROBSNTaskManagerBot id=8445298102 - 'Task Manager Bot'
2025-11-03 15:16:52,974 - aiogram.dispatcher - ERROR - Failed to fetch updates - TelegramConflictError: Telegram server says - Conflict: terminated by other getUpdates request; make sure that only one bot instance is running
2025-11-03 15:16:52,975 - aiogram.dispatcher - WARNING - Sleep for 1.000000 seconds and try again... (tryings = 0, bot id = 8445298102)
2025-11-03 15:16:57,185 - aiogram.dispatcher - ERROR - Failed to fetch updates - TelegramConflictError: Telegram server says - Conflict: terminated by other getUpdates request; make sure that only one bot instance is running
2025-11-03 15:16:57,187 - aiogram.dispatcher - WARNING - Sleep for 1.224149 seconds and try again... (tryings = 1, bot id = 8445298102)
2025-11-03 15:17:01,822 - aiogram.dispatcher - ERROR - Failed to fetch updates - TelegramConflictError: Telegram server says - Conflict: terminated by other getUpdates request; make sure that only one bot instance is running
2025-11-03 15:17:01,823 - aiogram.dispatcher - WARNING - Sleep for 1.467228 seconds and try again... (tryings = 2, bot id = 8445298102)
2025-11-03 15:17:04,718 - aiogram.dispatcher - ERROR - Failed to fetch updates - TelegramConflictError: Telegram server says - Conflict: terminated by other getUpdates request; make sure that only one bot instance is running
2025-11-03 15:17:04,719 - aiogram.dispatcher - WARNING - Sleep for 2.055907 seconds and try again... (tryings = 3, bot id = 8445298102)
2025-11-03 15:17:10,104 - aiogram.dispatcher - ERROR - Failed to fetch updates - TelegramConflictError: Telegram server says - Conflict: terminated by other getUpdates request; make sure that only one bot instance is running
2025-11-03 15:17:10,105 - aiogram.dispatcher - WARNING - Sleep for 2.672178 seconds and try again... (tryings = 4, bot id = 8445298102)
2025-11-03 15:17:15,741 - aiogram.dispatcher - ERROR - Failed to fetch updates - TelegramConflictError: Telegram server says - Conflict: terminated by other getUpdates request; make sure that only one bot instance is running
2025-11-03 15:17:15,742 - aiogram.dispatcher - WARNING - Sleep for 3.525593 seconds and try again... (tryings = 5, bot id = 8445298102)
2025-11-03 15:17:22,514 - aiogram.dispatcher - ERROR - Failed to fetch updates - TelegramConflictError: Telegram server says - Conflict: terminated by other getUpdates request; make sure that only one bot instance is running
2025-11-03 15:17:22,515 - aiogram.dispatcher - WARNING - Sleep for 4.446799 seconds and try again... (tryings = 6, bot id = 8445298102)
2025-11-03 15:17:30,175 - aiogram.dispatcher - ERROR - Failed to fetch updates - TelegramConflictError: Telegram server says - Conflict: terminated by other getUpdates request; make sure that only one bot instance is running
2025-11-03 15:17:30,177 - aiogram.dispatcher - WARNING - Sleep for 4.911900 seconds and try again... (tryings = 7, bot id = 8445298102)
2025-11-03 15:20:35,418 - __main__ - INFO - 🚀 Запуск бота управления задачами...
2025-11-03 15:20:35,419 - __main__ - INFO - 👑 Администраторы: [451294137]
2025-11-03 15:20:35,452 - __main__ - INFO - 🔔 Проверка уведомлений в 03.11.2025 15:20:35
2025-11-03 15:20:35,648 - __main__ - INFO - ✅ Бот запущен и готов к работе!
2025-11-03 15:20:35,648 - aiogram.dispatcher - INFO - Start polling
2025-11-03 15:20:35,707 - aiogram.dispatcher - INFO - Run polling for bot @ROBSNTaskManagerBot id=8445298102 - 'Task Manager Bot'
2025-11-03 15:21:05,363 - __main__ - INFO - 👤 Новый пользователь: 451294137 @ggs_85
2025-11-03 15:21:05,364 - aiogram.event - INFO - Update id=652009780 is not handled. Duration 2 ms by bot id=8445298102
2025-11-03 15:21:05,364 - aiogram.event - ERROR - Cause exception while process update id=652009780 by bot id=8445298102
ImportError: cannot import name 'db' from 'database' (/Users/mac/Yandex.Disk.localized/docs/work/ГПН-ЦР/TaskManager/database.py)
Traceback (most recent call last):
  File "/Users/mac/Yandex.Disk.localized/docs/work/ГПН-ЦР/TaskManager/venv/lib/python3.11/site-packages/aiogram/dispatcher/dispatcher.py", line 309, in _process_update
    response = await self.feed_update(bot, update, **kwargs)
               ^^^^^^^^^^^^^^^^^^^^^^^^^^^^^^^^^^^^^^^^^^^^^
  File "/Users/mac/Yandex.Disk.localized/docs/work/ГПН-ЦР/TaskManager/venv/lib/python3.11/site-packages/aiogram/dispatcher/dispatcher.py", line 158, in feed_update
    response = await self.update.wrap_outer_middleware(
               ^^^^^^^^^^^^^^^^^^^^^^^^^^^^^^^^^^^^^^^^
  File "/Users/mac/Yandex.Disk.localized/docs/work/ГПН-ЦР/TaskManager/venv/lib/python3.11/site-packages/aiogram/dispatcher/middlewares/error.py", line 25, in __call__
    return await handler(event, data)
           ^^^^^^^^^^^^^^^^^^^^^^^^^^
  File "/Users/mac/Yandex.Disk.localized/docs/work/ГПН-ЦР/TaskManager/venv/lib/python3.11/site-packages/aiogram/dispatcher/middlewares/user_context.py", line 56, in __call__
    return await handler(event, data)
           ^^^^^^^^^^^^^^^^^^^^^^^^^^
  File "/Users/mac/Yandex.Disk.localized/docs/work/ГПН-ЦР/TaskManager/venv/lib/python3.11/site-packages/aiogram/fsm/middleware.py", line 42, in __call__
    return await handler(event, data)
           ^^^^^^^^^^^^^^^^^^^^^^^^^^
  File "/Users/mac/Yandex.Disk.localized/docs/work/ГПН-ЦР/TaskManager/venv/lib/python3.11/site-packages/aiogram/dispatcher/event/telegram.py", line 121, in trigger
    return await wrapped_inner(event, kwargs)
           ^^^^^^^^^^^^^^^^^^^^^^^^^^^^^^^^^^
  File "/Users/mac/Yandex.Disk.localized/docs/work/ГПН-ЦР/TaskManager/venv/lib/python3.11/site-packages/aiogram/dispatcher/event/handler.py", line 43, in call
    return await wrapped()
           ^^^^^^^^^^^^^^^
  File "/Users/mac/Yandex.Disk.localized/docs/work/ГПН-ЦР/TaskManager/venv/lib/python3.11/site-packages/aiogram/dispatcher/dispatcher.py", line 276, in _listen_update
    return await self.propagate_event(update_type=update_type, event=event, **kwargs)
           ^^^^^^^^^^^^^^^^^^^^^^^^^^^^^^^^^^^^^^^^^^^^^^^^^^^^^^^^^^^^^^^^^^^^^^^^^^
  File "/Users/mac/Yandex.Disk.localized/docs/work/ГПН-ЦР/TaskManager/venv/lib/python3.11/site-packages/aiogram/dispatcher/router.py", line 146, in propagate_event
    return await observer.wrap_outer_middleware(_wrapped, event=event, data=kwargs)
           ^^^^^^^^^^^^^^^^^^^^^^^^^^^^^^^^^^^^^^^^^^^^^^^^^^^^^^^^^^^^^^^^^^^^^^^^
  File "/Users/mac/Yandex.Disk.localized/docs/work/ГПН-ЦР/TaskManager/venv/lib/python3.11/site-packages/aiogram/dispatcher/router.py", line 141, in _wrapped
    return await self._propagate_event(
           ^^^^^^^^^^^^^^^^^^^^^^^^^^^^
  File "/Users/mac/Yandex.Disk.localized/docs/work/ГПН-ЦР/TaskManager/venv/lib/python3.11/site-packages/aiogram/dispatcher/router.py", line 166, in _propagate_event
    response = await observer.trigger(event, **kwargs)
               ^^^^^^^^^^^^^^^^^^^^^^^^^^^^^^^^^^^^^^^
  File "/Users/mac/Yandex.Disk.localized/docs/work/ГПН-ЦР/TaskManager/venv/lib/python3.11/site-packages/aiogram/dispatcher/event/telegram.py", line 121, in trigger
    return await wrapped_inner(event, kwargs)
           ^^^^^^^^^^^^^^^^^^^^^^^^^^^^^^^^^^
  File "/Users/mac/Yandex.Disk.localized/docs/work/ГПН-ЦР/TaskManager/venv/lib/python3.11/site-packages/aiogram/dispatcher/event/handler.py", line 43, in call
    return await wrapped()
           ^^^^^^^^^^^^^^^
  File "/Users/mac/Yandex.Disk.localized/docs/work/ГПН-ЦР/TaskManager/bot.py", line 69, in cmd_start
    from database import db
ImportError: cannot import name 'db' from 'database' (/Users/mac/Yandex.Disk.localized/docs/work/ГПН-ЦР/TaskManager/database.py)
2025-11-03 15:21:10,913 - __main__ - INFO - 👤 Новый пользователь: 451294137 @ggs_85
2025-11-03 15:21:10,914 - aiogram.event - INFO - Update id=652009781 is not handled. Duration 0 ms by bot id=8445298102
2025-11-03 15:21:10,914 - aiogram.event - ERROR - Cause exception while process update id=652009781 by bot id=8445298102
ImportError: cannot import name 'db' from 'database' (/Users/mac/Yandex.Disk.localized/docs/work/ГПН-ЦР/TaskManager/database.py)
Traceback (most recent call last):
  File "/Users/mac/Yandex.Disk.localized/docs/work/ГПН-ЦР/TaskManager/venv/lib/python3.11/site-packages/aiogram/dispatcher/dispatcher.py", line 309, in _process_update
    response = await self.feed_update(bot, update, **kwargs)
               ^^^^^^^^^^^^^^^^^^^^^^^^^^^^^^^^^^^^^^^^^^^^^
  File "/Users/mac/Yandex.Disk.localized/docs/work/ГПН-ЦР/TaskManager/venv/lib/python3.11/site-packages/aiogram/dispatcher/dispatcher.py", line 158, in feed_update
    response = await self.update.wrap_outer_middleware(
               ^^^^^^^^^^^^^^^^^^^^^^^^^^^^^^^^^^^^^^^^
  File "/Users/mac/Yandex.Disk.localized/docs/work/ГПН-ЦР/TaskManager/venv/lib/python3.11/site-packages/aiogram/dispatcher/middlewares/error.py", line 25, in __call__
    return await handler(event, data)
           ^^^^^^^^^^^^^^^^^^^^^^^^^^
  File "/Users/mac/Yandex.Disk.localized/docs/work/ГПН-ЦР/TaskManager/venv/lib/python3.11/site-packages/aiogram/dispatcher/middlewares/user_context.py", line 56, in __call__
    return await handler(event, data)
           ^^^^^^^^^^^^^^^^^^^^^^^^^^
  File "/Users/mac/Yandex.Disk.localized/docs/work/ГПН-ЦР/TaskManager/venv/lib/python3.11/site-packages/aiogram/fsm/middleware.py", line 42, in __call__
    return await handler(event, data)
           ^^^^^^^^^^^^^^^^^^^^^^^^^^
  File "/Users/mac/Yandex.Disk.localized/docs/work/ГПН-ЦР/TaskManager/venv/lib/python3.11/site-packages/aiogram/dispatcher/event/telegram.py", line 121, in trigger
    return await wrapped_inner(event, kwargs)
           ^^^^^^^^^^^^^^^^^^^^^^^^^^^^^^^^^^
  File "/Users/mac/Yandex.Disk.localized/docs/work/ГПН-ЦР/TaskManager/venv/lib/python3.11/site-packages/aiogram/dispatcher/event/handler.py", line 43, in call
    return await wrapped()
           ^^^^^^^^^^^^^^^
  File "/Users/mac/Yandex.Disk.localized/docs/work/ГПН-ЦР/TaskManager/venv/lib/python3.11/site-packages/aiogram/dispatcher/dispatcher.py", line 276, in _listen_update
    return await self.propagate_event(update_type=update_type, event=event, **kwargs)
           ^^^^^^^^^^^^^^^^^^^^^^^^^^^^^^^^^^^^^^^^^^^^^^^^^^^^^^^^^^^^^^^^^^^^^^^^^^
  File "/Users/mac/Yandex.Disk.localized/docs/work/ГПН-ЦР/TaskManager/venv/lib/python3.11/site-packages/aiogram/dispatcher/router.py", line 146, in propagate_event
    return await observer.wrap_outer_middleware(_wrapped, event=event, data=kwargs)
           ^^^^^^^^^^^^^^^^^^^^^^^^^^^^^^^^^^^^^^^^^^^^^^^^^^^^^^^^^^^^^^^^^^^^^^^^
  File "/Users/mac/Yandex.Disk.localized/docs/work/ГПН-ЦР/TaskManager/venv/lib/python3.11/site-packages/aiogram/dispatcher/router.py", line 141, in _wrapped
    return await self._propagate_event(
           ^^^^^^^^^^^^^^^^^^^^^^^^^^^^
  File "/Users/mac/Yandex.Disk.localized/docs/work/ГПН-ЦР/TaskManager/venv/lib/python3.11/site-packages/aiogram/dispatcher/router.py", line 166, in _propagate_event
    response = await observer.trigger(event, **kwargs)
               ^^^^^^^^^^^^^^^^^^^^^^^^^^^^^^^^^^^^^^^
  File "/Users/mac/Yandex.Disk.localized/docs/work/ГПН-ЦР/TaskManager/venv/lib/python3.11/site-packages/aiogram/dispatcher/event/telegram.py", line 121, in trigger
    return await wrapped_inner(event, kwargs)
           ^^^^^^^^^^^^^^^^^^^^^^^^^^^^^^^^^^
  File "/Users/mac/Yandex.Disk.localized/docs/work/ГПН-ЦР/TaskManager/venv/lib/python3.11/site-packages/aiogram/dispatcher/event/handler.py", line 43, in call
    return await wrapped()
           ^^^^^^^^^^^^^^^
  File "/Users/mac/Yandex.Disk.localized/docs/work/ГПН-ЦР/TaskManager/bot.py", line 69, in cmd_start
    from database import db
ImportError: cannot import name 'db' from 'database' (/Users/mac/Yandex.Disk.localized/docs/work/ГПН-ЦР/TaskManager/database.py)
2025-11-03 15:21:27,640 - __main__ - INFO - 👤 Новый пользователь: 451294137 @ggs_85
2025-11-03 15:21:27,641 - aiogram.event - INFO - Update id=652009782 is not handled. Duration 1 ms by bot id=8445298102
2025-11-03 15:21:27,642 - aiogram.event - ERROR - Cause exception while process update id=652009782 by bot id=8445298102
ImportError: cannot import name 'db' from 'database' (/Users/mac/Yandex.Disk.localized/docs/work/ГПН-ЦР/TaskManager/database.py)
Traceback (most recent call last):
  File "/Users/mac/Yandex.Disk.localized/docs/work/ГПН-ЦР/TaskManager/venv/lib/python3.11/site-packages/aiogram/dispatcher/dispatcher.py", line 309, in _process_update
    response = await self.feed_update(bot, update, **kwargs)
               ^^^^^^^^^^^^^^^^^^^^^^^^^^^^^^^^^^^^^^^^^^^^^
  File "/Users/mac/Yandex.Disk.localized/docs/work/ГПН-ЦР/TaskManager/venv/lib/python3.11/site-packages/aiogram/dispatcher/dispatcher.py", line 158, in feed_update
    response = await self.update.wrap_outer_middleware(
               ^^^^^^^^^^^^^^^^^^^^^^^^^^^^^^^^^^^^^^^^
  File "/Users/mac/Yandex.Disk.localized/docs/work/ГПН-ЦР/TaskManager/venv/lib/python3.11/site-packages/aiogram/dispatcher/middlewares/error.py", line 25, in __call__
    return await handler(event, data)
           ^^^^^^^^^^^^^^^^^^^^^^^^^^
  File "/Users/mac/Yandex.Disk.localized/docs/work/ГПН-ЦР/TaskManager/venv/lib/python3.11/site-packages/aiogram/dispatcher/middlewares/user_context.py", line 56, in __call__
    return await handler(event, data)
           ^^^^^^^^^^^^^^^^^^^^^^^^^^
  File "/Users/mac/Yandex.Disk.localized/docs/work/ГПН-ЦР/TaskManager/venv/lib/python3.11/site-packages/aiogram/fsm/middleware.py", line 42, in __call__
    return await handler(event, data)
           ^^^^^^^^^^^^^^^^^^^^^^^^^^
  File "/Users/mac/Yandex.Disk.localized/docs/work/ГПН-ЦР/TaskManager/venv/lib/python3.11/site-packages/aiogram/dispatcher/event/telegram.py", line 121, in trigger
    return await wrapped_inner(event, kwargs)
           ^^^^^^^^^^^^^^^^^^^^^^^^^^^^^^^^^^
  File "/Users/mac/Yandex.Disk.localized/docs/work/ГПН-ЦР/TaskManager/venv/lib/python3.11/site-packages/aiogram/dispatcher/event/handler.py", line 43, in call
    return await wrapped()
           ^^^^^^^^^^^^^^^
  File "/Users/mac/Yandex.Disk.localized/docs/work/ГПН-ЦР/TaskManager/venv/lib/python3.11/site-packages/aiogram/dispatcher/dispatcher.py", line 276, in _listen_update
    return await self.propagate_event(update_type=update_type, event=event, **kwargs)
           ^^^^^^^^^^^^^^^^^^^^^^^^^^^^^^^^^^^^^^^^^^^^^^^^^^^^^^^^^^^^^^^^^^^^^^^^^^
  File "/Users/mac/Yandex.Disk.localized/docs/work/ГПН-ЦР/TaskManager/venv/lib/python3.11/site-packages/aiogram/dispatcher/router.py", line 146, in propagate_event
    return await observer.wrap_outer_middleware(_wrapped, event=event, data=kwargs)
           ^^^^^^^^^^^^^^^^^^^^^^^^^^^^^^^^^^^^^^^^^^^^^^^^^^^^^^^^^^^^^^^^^^^^^^^^
  File "/Users/mac/Yandex.Disk.localized/docs/work/ГПН-ЦР/TaskManager/venv/lib/python3.11/site-packages/aiogram/dispatcher/router.py", line 141, in _wrapped
    return await self._propagate_event(
           ^^^^^^^^^^^^^^^^^^^^^^^^^^^^
  File "/Users/mac/Yandex.Disk.localized/docs/work/ГПН-ЦР/TaskManager/venv/lib/python3.11/site-packages/aiogram/dispatcher/router.py", line 166, in _propagate_event
    response = await observer.trigger(event, **kwargs)
               ^^^^^^^^^^^^^^^^^^^^^^^^^^^^^^^^^^^^^^^
  File "/Users/mac/Yandex.Disk.localized/docs/work/ГПН-ЦР/TaskManager/venv/lib/python3.11/site-packages/aiogram/dispatcher/event/telegram.py", line 121, in trigger
    return await wrapped_inner(event, kwargs)
           ^^^^^^^^^^^^^^^^^^^^^^^^^^^^^^^^^^
  File "/Users/mac/Yandex.Disk.localized/docs/work/ГПН-ЦР/TaskManager/venv/lib/python3.11/site-packages/aiogram/dispatcher/event/handler.py", line 43, in call
    return await wrapped()
           ^^^^^^^^^^^^^^^
  File "/Users/mac/Yandex.Disk.localized/docs/work/ГПН-ЦР/TaskManager/bot.py", line 69, in cmd_start
    from database import db
ImportError: cannot import name 'db' from 'database' (/Users/mac/Yandex.Disk.localized/docs/work/ГПН-ЦР/TaskManager/database.py)
2025-11-03 15:21:32,189 - __main__ - INFO - 👤 Новый пользователь: 451294137 @ggs_85
2025-11-03 15:21:32,201 - aiogram.event - INFO - Update id=652009783 is not handled. Duration 13 ms by bot id=8445298102
2025-11-03 15:21:32,201 - aiogram.event - ERROR - Cause exception while process update id=652009783 by bot id=8445298102
ImportError: cannot import name 'db' from 'database' (/Users/mac/Yandex.Disk.localized/docs/work/ГПН-ЦР/TaskManager/database.py)
Traceback (most recent call last):
  File "/Users/mac/Yandex.Disk.localized/docs/work/ГПН-ЦР/TaskManager/venv/lib/python3.11/site-packages/aiogram/dispatcher/dispatcher.py", line 309, in _process_update
    response = await self.feed_update(bot, update, **kwargs)
               ^^^^^^^^^^^^^^^^^^^^^^^^^^^^^^^^^^^^^^^^^^^^^
  File "/Users/mac/Yandex.Disk.localized/docs/work/ГПН-ЦР/TaskManager/venv/lib/python3.11/site-packages/aiogram/dispatcher/dispatcher.py", line 158, in feed_update
    response = await self.update.wrap_outer_middleware(
               ^^^^^^^^^^^^^^^^^^^^^^^^^^^^^^^^^^^^^^^^
  File "/Users/mac/Yandex.Disk.localized/docs/work/ГПН-ЦР/TaskManager/venv/lib/python3.11/site-packages/aiogram/dispatcher/middlewares/error.py", line 25, in __call__
    return await handler(event, data)
           ^^^^^^^^^^^^^^^^^^^^^^^^^^
  File "/Users/mac/Yandex.Disk.localized/docs/work/ГПН-ЦР/TaskManager/venv/lib/python3.11/site-packages/aiogram/dispatcher/middlewares/user_context.py", line 56, in __call__
    return await handler(event, data)
           ^^^^^^^^^^^^^^^^^^^^^^^^^^
  File "/Users/mac/Yandex.Disk.localized/docs/work/ГПН-ЦР/TaskManager/venv/lib/python3.11/site-packages/aiogram/fsm/middleware.py", line 42, in __call__
    return await handler(event, data)
           ^^^^^^^^^^^^^^^^^^^^^^^^^^
  File "/Users/mac/Yandex.Disk.localized/docs/work/ГПН-ЦР/TaskManager/venv/lib/python3.11/site-packages/aiogram/dispatcher/event/telegram.py", line 121, in trigger
    return await wrapped_inner(event, kwargs)
           ^^^^^^^^^^^^^^^^^^^^^^^^^^^^^^^^^^
  File "/Users/mac/Yandex.Disk.localized/docs/work/ГПН-ЦР/TaskManager/venv/lib/python3.11/site-packages/aiogram/dispatcher/event/handler.py", line 43, in call
    return await wrapped()
           ^^^^^^^^^^^^^^^
  File "/Users/mac/Yandex.Disk.localized/docs/work/ГПН-ЦР/TaskManager/venv/lib/python3.11/site-packages/aiogram/dispatcher/dispatcher.py", line 276, in _listen_update
    return await self.propagate_event(update_type=update_type, event=event, **kwargs)
           ^^^^^^^^^^^^^^^^^^^^^^^^^^^^^^^^^^^^^^^^^^^^^^^^^^^^^^^^^^^^^^^^^^^^^^^^^^
  File "/Users/mac/Yandex.Disk.localized/docs/work/ГПН-ЦР/TaskManager/venv/lib/python3.11/site-packages/aiogram/dispatcher/router.py", line 146, in propagate_event
    return await observer.wrap_outer_middleware(_wrapped, event=event, data=kwargs)
           ^^^^^^^^^^^^^^^^^^^^^^^^^^^^^^^^^^^^^^^^^^^^^^^^^^^^^^^^^^^^^^^^^^^^^^^^
  File "/Users/mac/Yandex.Disk.localized/docs/work/ГПН-ЦР/TaskManager/venv/lib/python3.11/site-packages/aiogram/dispatcher/router.py", line 141, in _wrapped
    return await self._propagate_event(
           ^^^^^^^^^^^^^^^^^^^^^^^^^^^^
  File "/Users/mac/Yandex.Disk.localized/docs/work/ГПН-ЦР/TaskManager/venv/lib/python3.11/site-packages/aiogram/dispatcher/router.py", line 166, in _propagate_event
    response = await observer.trigger(event, **kwargs)
               ^^^^^^^^^^^^^^^^^^^^^^^^^^^^^^^^^^^^^^^
  File "/Users/mac/Yandex.Disk.localized/docs/work/ГПН-ЦР/TaskManager/venv/lib/python3.11/site-packages/aiogram/dispatcher/event/telegram.py", line 121, in trigger
    return await wrapped_inner(event, kwargs)
           ^^^^^^^^^^^^^^^^^^^^^^^^^^^^^^^^^^
  File "/Users/mac/Yandex.Disk.localized/docs/work/ГПН-ЦР/TaskManager/venv/lib/python3.11/site-packages/aiogram/dispatcher/event/handler.py", line 43, in call
    return await wrapped()
           ^^^^^^^^^^^^^^^
  File "/Users/mac/Yandex.Disk.localized/docs/work/ГПН-ЦР/TaskManager/bot.py", line 69, in cmd_start
    from database import db
ImportError: cannot import name 'db' from 'database' (/Users/mac/Yandex.Disk.localized/docs/work/ГПН-ЦР/TaskManager/database.py)
2025-11-03 15:21:35,456 - __main__ - INFO - 🔔 Проверка уведомлений в 03.11.2025 15:21:35
2025-11-03 15:22:35,461 - __main__ - INFO - 🔔 Проверка уведомлений в 03.11.2025 15:22:35
2025-11-03 15:23:35,466 - __main__ - INFO - 🔔 Проверка уведомлений в 03.11.2025 15:23:35
2025-11-03 15:24:35,470 - __main__ - INFO - 🔔 Проверка уведомлений в 03.11.2025 15:24:35
2025-11-03 15:25:35,475 - __main__ - INFO - 🔔 Проверка уведомлений в 03.11.2025 15:25:35
2025-11-03 15:26:35,482 - __main__ - INFO - 🔔 Проверка уведомлений в 03.11.2025 15:26:35
2025-11-03 15:27:35,487 - __main__ - INFO - 🔔 Проверка уведомлений в 03.11.2025 15:27:35
2025-11-03 15:27:53,801 - __main__ - INFO - 🚀 ЗАПУСК БОТА УПРАВЛЕНИЯ ЗАДАЧАМИ...
2025-11-03 15:27:53,802 - __main__ - INFO - 👑 Администраторы: [451294137]
2025-11-03 15:27:53,804 - __main__ - INFO - 🔔 Проверка уведомлений в 03.11.2025 15:27:53
2025-11-03 15:27:54,040 - __main__ - INFO - ✅ Бот запущен и готов к работе!
2025-11-03 15:27:54,041 - aiogram.dispatcher - INFO - Start polling
2025-11-03 15:27:54,107 - aiogram.dispatcher - INFO - Run polling for bot @ROBSNTaskManagerBot id=8445298102 - 'Task Manager Bot'
2025-11-03 15:28:05,309 - __main__ - INFO - 👤 Новый пользователь: 451294137 @ggs_85
2025-11-03 15:28:05,313 - database - INFO - ✅ Пользователь 451294137 добавлен в базу
2025-11-03 15:28:05,555 - __main__ - INFO - ✅ Пользователь 451294137 получил приветствие
2025-11-03 15:28:05,556 - aiogram.event - INFO - Update id=652009784 is handled. Duration 247 ms by bot id=8445298102
2025-11-03 15:28:13,187 - __main__ - INFO - 📝 Админ 451294137 создает задачу: None
2025-11-03 15:28:13,305 - aiogram.event - INFO - Update id=652009785 is handled. Duration 118 ms by bot id=8445298102
2025-11-03 15:28:53,807 - __main__ - INFO - 🔔 Проверка уведомлений в 03.11.2025 15:28:53
2025-11-03 15:29:07,289 - __main__ - INFO - 📝 Админ 451294137 создает задачу: @ggs_85 31.12.2025 18:00 Разработать бота
2025-11-03 15:29:07,297 - database - INFO - ✅ Задача #1 создана для @ggs_85
2025-11-03 15:29:07,491 - __main__ - INFO - ✅ Задача #1 создана для @ggs_85
2025-11-03 15:29:07,491 - aiogram.event - INFO - Update id=652009786 is handled. Duration 203 ms by bot id=8445298102
2025-11-03 15:29:17,562 - __main__ - INFO - 📋 Пользователь 451294137 запросил задачи
2025-11-03 15:29:17,663 - __main__ - INFO - ✅ Пользователь 451294137 получил 1 задач
2025-11-03 15:29:17,664 - aiogram.event - INFO - Update id=652009787 is handled. Duration 103 ms by bot id=8445298102
2025-11-03 15:29:27,248 - __main__ - INFO - 🔄 Пользователь 451294137 начал выполнение задачи
2025-11-03 15:29:27,436 - aiogram.event - INFO - Update id=652009788 is handled. Duration 192 ms by bot id=8445298102
2025-11-03 15:29:31,211 - __main__ - INFO - 🎯 Пользователь 451294137 выбрал задачу #1
2025-11-03 15:29:31,376 - aiogram.event - INFO - Update id=652009789 is handled. Duration 168 ms by bot id=8445298102
2025-11-03 15:29:38,914 - __main__ - INFO - ✅ Пользователь 451294137 завершает задачу #1
2025-11-03 15:29:38,917 - database - INFO - ✅ Задача #1 выполнена
2025-11-03 15:29:39,021 - aiogram.event - INFO - Update id=652009790 is handled. Duration 107 ms by bot id=8445298102
2025-11-03 15:29:53,813 - __main__ - INFO - 🔔 Проверка уведомлений в 03.11.2025 15:29:53
2025-11-03 15:30:05,773 - aiogram.event - INFO - Update id=652009791 is handled. Duration 108 ms by bot id=8445298102
2025-11-03 15:30:23,870 - aiogram.event - INFO - Update id=652009792 is handled. Duration 102 ms by bot id=8445298102
2025-11-03 15:30:53,815 - __main__ - INFO - 🔔 Проверка уведомлений в 03.11.2025 15:30:53
2025-11-03 15:31:42,276 - __main__ - INFO - 📝 Админ 451294137 создает задачу: None
2025-11-03 15:31:42,366 - aiogram.event - INFO - Update id=652009793 is handled. Duration 96 ms by bot id=8445298102
2025-11-03 15:31:53,820 - __main__ - INFO - 🔔 Проверка уведомлений в 03.11.2025 15:31:53
2025-11-03 15:31:58,217 - aiogram.event - INFO - Update id=652009794 is handled. Duration 91 ms by bot id=8445298102
2025-11-03 15:32:53,825 - __main__ - INFO - 🔔 Проверка уведомлений в 03.11.2025 15:32:53
2025-11-03 15:33:53,760 - __main__ - INFO - 🔔 Проверка уведомлений в 03.11.2025 15:33:53
2025-11-03 15:34:53,765 - __main__ - INFO - 🔔 Проверка уведомлений в 03.11.2025 15:34:53
2025-11-03 15:35:07,171 - __main__ - INFO - 📝 Админ 451294137 создает задачу: @ggs_85 04.11.2025 18:00 Тест уведомлений
2025-11-03 15:35:07,174 - database - INFO - ✅ Задача #2 создана для @ggs_85
2025-11-03 15:35:07,262 - __main__ - INFO - ✅ Задача #2 создана для @ggs_85
2025-11-03 15:35:07,263 - aiogram.event - INFO - Update id=652009795 is handled. Duration 92 ms by bot id=8445298102
2025-11-03 15:35:13,575 - aiogram.event - INFO - Update id=652009796 is handled. Duration 161 ms by bot id=8445298102
2025-11-03 15:35:53,769 - __main__ - INFO - 🔔 Проверка уведомлений в 03.11.2025 15:35:53
2025-11-03 15:36:53,772 - __main__ - INFO - 🔔 Проверка уведомлений в 03.11.2025 15:36:53
2025-11-03 15:37:53,775 - __main__ - INFO - 🔔 Проверка уведомлений в 03.11.2025 15:37:53
2025-11-03 15:38:53,778 - __main__ - INFO - 🔔 Проверка уведомлений в 03.11.2025 15:38:53
2025-11-03 15:46:38,817 - __main__ - INFO - 🔔 Проверка уведомлений в 03.11.2025 15:46:38
2025-11-03 15:47:10,932 - aiogram.dispatcher - ERROR - Failed to fetch updates - TelegramNetworkError: HTTP Client says - Request timeout error
2025-11-03 15:47:10,932 - aiogram.dispatcher - WARNING - Sleep for 1.000000 seconds and try again... (tryings = 0, bot id = 8445298102)
2025-11-03 15:47:22,121 - aiogram.dispatcher - INFO - Connection established (tryings = 1, bot id = 8445298102)
2025-11-03 15:47:38,821 - __main__ - INFO - 🔔 Проверка уведомлений в 03.11.2025 15:47:38
2025-11-03 15:48:38,823 - __main__ - INFO - 🔔 Проверка уведомлений в 03.11.2025 15:48:38
2025-11-03 15:49:38,826 - __main__ - INFO - 🔔 Проверка уведомлений в 03.11.2025 15:49:38
2025-11-03 15:50:38,828 - __main__ - INFO - 🔔 Проверка уведомлений в 03.11.2025 15:50:38
2025-11-03 15:51:38,833 - __main__ - INFO - 🔔 Проверка уведомлений в 03.11.2025 15:51:38
2025-11-03 15:52:32,157 - aiogram.dispatcher - WARNING - Received SIGINT signal
2025-11-03 15:52:32,160 - aiogram.dispatcher - INFO - Polling stopped for bot @ROBSNTaskManagerBot id=8445298102 - 'Task Manager Bot'
2025-11-03 15:52:32,161 - aiogram.dispatcher - INFO - Polling stopped
2025-11-03 15:52:50,795 - __main__ - INFO - 🚀 ЗАПУСК БОТА УПРАВЛЕНИЯ ЗАДАЧАМИ...
2025-11-03 15:52:50,795 - __main__ - INFO - 👑 Администраторы: [451294137]
2025-11-03 15:52:50,796 - __main__ - INFO - 🔔 Проверка уведомлений в 03.11.2025 15:52:50
2025-11-03 15:52:51,029 - __main__ - INFO - ✅ Бот запущен и готов к работе!
2025-11-03 15:52:51,030 - aiogram.dispatcher - INFO - Start polling
2025-11-03 15:52:51,096 - aiogram.dispatcher - INFO - Run polling for bot @ROBSNTaskManagerBot id=8445298102 - 'Task Manager Bot'
2025-11-03 15:53:19,723 - __main__ - INFO - 📝 Админ 451294137 создает задачу: @ggs_85 05.11.2025 18:00 Тест уведомлений 2
2025-11-03 15:53:19,732 - database - INFO - ✅ Задача #3 создана для @ggs_85
2025-11-03 15:53:20,018 - __main__ - INFO - ✅ Задача #3 создана для @ggs_85
2025-11-03 15:53:20,117 - __main__ - INFO - ✅ Уведомление отправлено исполнителю @ggs_85 (ID: 451294137)
2025-11-03 15:53:20,120 - aiogram.event - INFO - Update id=652009797 is handled. Duration 397 ms by bot id=8445298102
2025-11-03 15:53:50,799 - __main__ - INFO - 🔔 Проверка уведомлений в 03.11.2025 15:53:50
2025-11-03 15:54:50,801 - __main__ - INFO - 🔔 Проверка уведомлений в 03.11.2025 15:54:50
2025-11-03 15:55:50,804 - __main__ - INFO - 🔔 Проверка уведомлений в 03.11.2025 15:55:50
2025-11-03 15:56:50,807 - __main__ - INFO - 🔔 Проверка уведомлений в 03.11.2025 15:56:50
2025-11-03 15:57:50,810 - __main__ - INFO - 🔔 Проверка уведомлений в 03.11.2025 15:57:50
2025-11-03 15:58:50,813 - __main__ - INFO - 🔔 Проверка уведомлений в 03.11.2025 15:58:50
2025-11-03 15:59:50,819 - __main__ - INFO - 🔔 Проверка уведомлений в 03.11.2025 15:59:50
2025-11-03 16:00:50,829 - __main__ - INFO - 🔔 Проверка уведомлений в 03.11.2025 16:00:50
2025-11-03 16:01:50,841 - __main__ - INFO - 🔔 Проверка уведомлений в 03.11.2025 16:01:50
2025-11-03 16:02:50,849 - __main__ - INFO - 🔔 Проверка уведомлений в 03.11.2025 16:02:50
2025-11-03 16:03:50,854 - __main__ - INFO - 🔔 Проверка уведомлений в 03.11.2025 16:03:50
2025-11-03 16:04:50,858 - __main__ - INFO - 🔔 Проверка уведомлений в 03.11.2025 16:04:50
2025-11-03 16:05:50,863 - __main__ - INFO - 🔔 Проверка уведомлений в 03.11.2025 16:05:50
2025-11-03 16:06:50,867 - __main__ - INFO - 🔔 Проверка уведомлений в 03.11.2025 16:06:50
2025-11-03 16:07:50,871 - __main__ - INFO - 🔔 Проверка уведомлений в 03.11.2025 16:07:50
2025-11-03 16:08:50,873 - __main__ - INFO - 🔔 Проверка уведомлений в 03.11.2025 16:08:50
2025-11-03 16:09:50,879 - __main__ - INFO - 🔔 Проверка уведомлений в 03.11.2025 16:09:50
2025-11-03 16:10:50,882 - __main__ - INFO - 🔔 Проверка уведомлений в 03.11.2025 16:10:50
2025-11-03 16:11:50,884 - __main__ - INFO - 🔔 Проверка уведомлений в 03.11.2025 16:11:50
2025-11-03 16:12:50,888 - __main__ - INFO - 🔔 Проверка уведомлений в 03.11.2025 16:12:50
2025-11-03 16:13:50,892 - __main__ - INFO - 🔔 Проверка уведомлений в 03.11.2025 16:13:50
2025-11-03 16:14:50,895 - __main__ - INFO - 🔔 Проверка уведомлений в 03.11.2025 16:14:50
2025-11-03 16:15:50,898 - __main__ - INFO - 🔔 Проверка уведомлений в 03.11.2025 16:15:50
2025-11-03 16:16:50,902 - __main__ - INFO - 🔔 Проверка уведомлений в 03.11.2025 16:16:50
2025-11-03 16:17:50,905 - __main__ - INFO - 🔔 Проверка уведомлений в 03.11.2025 16:17:50
2025-11-03 16:18:50,909 - __main__ - INFO - 🔔 Проверка уведомлений в 03.11.2025 16:18:50
2025-11-03 16:19:50,912 - __main__ - INFO - 🔔 Проверка уведомлений в 03.11.2025 16:19:50
2025-11-03 16:20:50,916 - __main__ - INFO - 🔔 Проверка уведомлений в 03.11.2025 16:20:50
2025-11-03 16:21:50,922 - __main__ - INFO - 🔔 Проверка уведомлений в 03.11.2025 16:21:50
2025-11-03 16:22:50,927 - __main__ - INFO - 🔔 Проверка уведомлений в 03.11.2025 16:22:50
2025-11-03 16:23:50,934 - __main__ - INFO - 🔔 Проверка уведомлений в 03.11.2025 16:23:50
2025-11-03 16:24:50,938 - __main__ - INFO - 🔔 Проверка уведомлений в 03.11.2025 16:24:50
2025-11-03 16:25:50,944 - __main__ - INFO - 🔔 Проверка уведомлений в 03.11.2025 16:25:50
2025-11-03 16:26:50,948 - __main__ - INFO - 🔔 Проверка уведомлений в 03.11.2025 16:26:50
2025-11-03 16:27:50,952 - __main__ - INFO - 🔔 Проверка уведомлений в 03.11.2025 16:27:50
2025-11-03 16:28:50,962 - __main__ - INFO - 🔔 Проверка уведомлений в 03.11.2025 16:28:50
2025-11-03 16:29:50,966 - __main__ - INFO - 🔔 Проверка уведомлений в 03.11.2025 16:29:50
2025-11-03 16:30:50,928 - __main__ - INFO - 🔔 Проверка уведомлений в 03.11.2025 16:30:50
2025-11-03 16:31:50,929 - __main__ - INFO - 🔔 Проверка уведомлений в 03.11.2025 16:31:50
2025-11-03 16:32:50,935 - __main__ - INFO - 🔔 Проверка уведомлений в 03.11.2025 16:32:50
2025-11-03 16:33:50,937 - __main__ - INFO - 🔔 Проверка уведомлений в 03.11.2025 16:33:50
2025-11-03 16:34:50,940 - __main__ - INFO - 🔔 Проверка уведомлений в 03.11.2025 16:34:50
2025-11-03 16:35:50,944 - __main__ - INFO - 🔔 Проверка уведомлений в 03.11.2025 16:35:50
2025-11-03 16:36:50,945 - __main__ - INFO - 🔔 Проверка уведомлений в 03.11.2025 16:36:50
2025-11-03 16:37:50,950 - __main__ - INFO - 🔔 Проверка уведомлений в 03.11.2025 16:37:50
2025-11-03 16:38:50,954 - __main__ - INFO - 🔔 Проверка уведомлений в 03.11.2025 16:38:50
2025-11-03 16:39:50,957 - __main__ - INFO - 🔔 Проверка уведомлений в 03.11.2025 16:39:50
2025-11-03 16:40:50,961 - __main__ - INFO - 🔔 Проверка уведомлений в 03.11.2025 16:40:50
2025-11-03 16:41:50,964 - __main__ - INFO - 🔔 Проверка уведомлений в 03.11.2025 16:41:50
2025-11-03 16:42:50,969 - __main__ - INFO - 🔔 Проверка уведомлений в 03.11.2025 16:42:50
2025-11-03 16:43:50,974 - __main__ - INFO - 🔔 Проверка уведомлений в 03.11.2025 16:43:50
2025-11-03 16:44:50,977 - __main__ - INFO - 🔔 Проверка уведомлений в 03.11.2025 16:44:50
2025-11-03 16:45:50,956 - __main__ - INFO - 🔔 Проверка уведомлений в 03.11.2025 16:45:50
2025-11-03 16:46:50,956 - __main__ - INFO - 🔔 Проверка уведомлений в 03.11.2025 16:46:50
2025-11-03 16:47:50,967 - __main__ - INFO - 🔔 Проверка уведомлений в 03.11.2025 16:47:50
2025-11-03 16:48:50,981 - __main__ - INFO - 🔔 Проверка уведомлений в 03.11.2025 16:48:50
2025-11-03 16:49:50,992 - __main__ - INFO - 🔔 Проверка уведомлений в 03.11.2025 16:49:50
2025-11-03 16:50:51,001 - __main__ - INFO - 🔔 Проверка уведомлений в 03.11.2025 16:50:51
2025-11-03 16:51:51,008 - __main__ - INFO - 🔔 Проверка уведомлений в 03.11.2025 16:51:51
2025-11-03 16:52:51,025 - __main__ - INFO - 🔔 Проверка уведомлений в 03.11.2025 16:52:51
2025-11-03 16:53:51,035 - __main__ - INFO - 🔔 Проверка уведомлений в 03.11.2025 16:53:51
2025-11-03 16:54:51,040 - __main__ - INFO - 🔔 Проверка уведомлений в 03.11.2025 16:54:51
2025-11-03 16:55:51,044 - __main__ - INFO - 🔔 Проверка уведомлений в 03.11.2025 16:55:51
2025-11-03 16:56:51,051 - __main__ - INFO - 🔔 Проверка уведомлений в 03.11.2025 16:56:51
2025-11-03 16:57:51,062 - __main__ - INFO - 🔔 Проверка уведомлений в 03.11.2025 16:57:51
2025-11-03 16:58:51,068 - __main__ - INFO - 🔔 Проверка уведомлений в 03.11.2025 16:58:51
2025-11-03 16:59:51,071 - __main__ - INFO - 🔔 Проверка уведомлений в 03.11.2025 16:59:51
2025-11-03 17:00:51,058 - __main__ - INFO - 🔔 Проверка уведомлений в 03.11.2025 17:00:51
2025-11-03 17:01:51,055 - __main__ - INFO - 🔔 Проверка уведомлений в 03.11.2025 17:01:51
2025-11-03 17:02:51,059 - __main__ - INFO - 🔔 Проверка уведомлений в 03.11.2025 17:02:51
2025-11-03 17:03:51,062 - __main__ - INFO - 🔔 Проверка уведомлений в 03.11.2025 17:03:51
2025-11-03 17:04:51,065 - __main__ - INFO - 🔔 Проверка уведомлений в 03.11.2025 17:04:51
2025-11-03 17:05:51,071 - __main__ - INFO - 🔔 Проверка уведомлений в 03.11.2025 17:05:51
2025-11-03 17:06:51,077 - __main__ - INFO - 🔔 Проверка уведомлений в 03.11.2025 17:06:51
2025-11-03 17:07:51,081 - __main__ - INFO - 🔔 Проверка уведомлений в 03.11.2025 17:07:51
2025-11-03 17:07:53,786 - aiogram.dispatcher - ERROR - Failed to fetch updates - TelegramNetworkError: HTTP Client says - Request timeout error
2025-11-03 17:07:53,788 - aiogram.dispatcher - WARNING - Sleep for 1.000000 seconds and try again... (tryings = 0, bot id = 8445298102)
2025-11-03 17:08:05,068 - aiogram.dispatcher - INFO - Connection established (tryings = 1, bot id = 8445298102)
2025-11-03 17:08:51,083 - __main__ - INFO - 🔔 Проверка уведомлений в 03.11.2025 17:08:51
2025-11-03 17:09:51,086 - __main__ - INFO - 🔔 Проверка уведомлений в 03.11.2025 17:09:51
2025-11-03 17:10:51,091 - __main__ - INFO - 🔔 Проверка уведомлений в 03.11.2025 17:10:51
2025-11-03 17:11:51,093 - __main__ - INFO - 🔔 Проверка уведомлений в 03.11.2025 17:11:51
2025-11-03 17:12:51,095 - __main__ - INFO - 🔔 Проверка уведомлений в 03.11.2025 17:12:51
2025-11-03 17:13:51,096 - __main__ - INFO - 🔔 Проверка уведомлений в 03.11.2025 17:13:51
2025-11-03 17:14:51,099 - __main__ - INFO - 🔔 Проверка уведомлений в 03.11.2025 17:14:51
2025-11-03 17:15:51,289 - __main__ - INFO - 🔔 Проверка уведомлений в 03.11.2025 17:15:51
2025-11-03 17:16:51,296 - __main__ - INFO - 🔔 Проверка уведомлений в 03.11.2025 17:16:51
2025-11-03 17:17:51,310 - __main__ - INFO - 🔔 Проверка уведомлений в 03.11.2025 17:17:51
2025-11-03 17:18:51,315 - __main__ - INFO - 🔔 Проверка уведомлений в 03.11.2025 17:18:51
2025-11-03 17:19:51,320 - __main__ - INFO - 🔔 Проверка уведомлений в 03.11.2025 17:19:51
2025-11-03 17:20:51,323 - __main__ - INFO - 🔔 Проверка уведомлений в 03.11.2025 17:20:51
2025-11-03 17:21:51,328 - __main__ - INFO - 🔔 Проверка уведомлений в 03.11.2025 17:21:51
